2025-09-22 12:21:38: LOG: Import: /media/storage/development/maya/ll-work/XM556/XM556.fbx
2025-10-10 12:34:00: LOG: Import: /media/storage/shared/SkinRockStrong.fbx
2025-10-10 12:52:54: LOG: Import: /media/storage/shared/SkinAgent.fbx
2025-10-10 12:54:27: LOG: Import: /media/storage/shared/SkinHuntress.fbx
2025-10-10 12:55:26: LOG: Import: /media/storage/shared/SkinSoldier.fbx
2025-11-11 11:29:39: LOG: Import: /media/storage/shared/Bip001.fbx
2025-11-11 11:29:39: LOG: [WARNING] Malformed Mesh - The plug-in has detected mesh nodes containing polygons with overlapping vertices.
	The following objects have been automatically cleaned up:    ShadowBone

2025-11-11 11:30:08: LOG: Import: /media/storage/shared/Bip001.fbx
2025-11-11 11:30:08: LOG: [WARNING] Malformed Mesh - The plug-in has detected mesh nodes containing polygons with overlapping vertices.
	The following objects have been automatically cleaned up:    ShadowBone

2025-11-11 11:30:46: LOG: Import: /media/storage/shared/Bip001.fbx
2025-11-11 11:30:46: LOG: [WARNING] Malformed Mesh - The plug-in has detected mesh nodes containing polygons with overlapping vertices.
	The following objects have been automatically cleaned up:    ShadowBone

2025-11-20 12:33:54: LOG: Import: /media/storage/shared/SkinStriker.fbx
2025-11-21 09:33:40: LOG: Import: /media/storage/shared/Basilisk_7_SR.fbx
2025-11-21 09:35:23: LOG: Import: /media/storage/shared/Basilisk_7_SR.fbx
2025-11-21 09:35:57: LOG: Import: /media/storage/shared/Basilisk_7_SR.fbx
2025-11-21 09:35:58: LOG: Import: /media/storage/shared/Basilisk_7_SR.fbx
2025-11-21 09:36:00: LOG: Import: /media/storage/shared/Basilisk_7_SR.fbx
2025-11-21 09:36:02: LOG: Import: /media/storage/shared/Basilisk_7_SR.fbx
2025-11-21 09:36:03: LOG: Import: /media/storage/shared/Basilisk_7_SR.fbx
2025-11-21 09:36:05: LOG: Import: /media/storage/shared/Basilisk_7_SR.fbx
2025-11-21 09:36:07: LOG: Import: /media/storage/shared/Basilisk_7_SR.fbx
2025-11-21 09:36:09: LOG: Import: /media/storage/shared/Basilisk_7_SR.fbx
2025-11-21 09:36:10: LOG: Import: /media/storage/shared/Basilisk_7_SR.fbx
2025-11-21 09:36:12: LOG: Import: /media/storage/shared/Basilisk_7_SR.fbx
2025-11-21 11:13:51: LOG: Import: /media/storage/shared/SkinStriker.fbx
2025-11-21 11:27:57: LOG: Import: /media/storage/shared/SkinStriker.fbx
2025-11-21 11:33:49: LOG: Import: /media/storage/shared/SkinStriker.fbx
2025-11-21 18:05:30: LOG: Import: /media/storage/shared/SkinStriker.fbx
2025-11-25 11:15:43: LOG: Import: /media/storage/shared/XM556_orig.fbx
2025-11-25 11:23:54: LOG: Import: /media/storage/shared/XM556.fbx
2025-11-25 11:23:59: LOG: Import: /media/storage/shared/XM556_orig.fbx
2025-11-25 15:20:00: LOG: Import: /media/storage/shared/Basilisk_7_SR.fbx
2025-11-25 15:21:36: LOG: Import: /media/storage/shared/Basilisk_7_SR.fbx
2025-11-25 15:21:38: LOG: Import: /media/storage/shared/Basilisk_7_SR.fbx
2025-11-25 15:21:39: LOG: Import: /media/storage/shared/Basilisk_7_SR.fbx
2025-11-25 15:21:41: LOG: Import: /media/storage/shared/Basilisk_7_SR.fbx
2025-11-25 15:21:42: LOG: Import: /media/storage/shared/Basilisk_7_SR.fbx
2025-11-25 15:21:44: LOG: Import: /media/storage/shared/Basilisk_7_SR.fbx
2025-11-25 15:21:46: LOG: Import: /media/storage/shared/Basilisk_7_SR.fbx
2025-11-25 15:21:48: LOG: Import: /media/storage/shared/Basilisk_7_SR.fbx
2025-11-25 15:21:49: LOG: Import: /media/storage/shared/Basilisk_7_SR.fbx
2025-11-25 15:21:51: LOG: Import: /media/storage/shared/Basilisk_7_SR.fbx
2025-11-25 15:22:24: LOG: Import: /media/storage/shared/Basilisk_7_SR.fbx
2025-11-25 15:22:37: LOG: Import: /media/storage/shared/Basilisk_7_SR.fbx
2025-11-25 15:22:38: LOG: Import: /media/storage/shared/Basilisk_7_SR.fbx
2025-11-25 15:22:40: LOG: Import: /media/storage/shared/Basilisk_7_SR.fbx
2025-11-25 15:22:41: LOG: Import: /media/storage/shared/Basilisk_7_SR.fbx
2025-11-25 15:22:43: LOG: Import: /media/storage/shared/Basilisk_7_SR.fbx
2025-11-25 15:22:45: LOG: Import: /media/storage/shared/Basilisk_7_SR.fbx
2025-11-25 15:22:46: LOG: Import: /media/storage/shared/Basilisk_7_SR.fbx
2025-11-25 15:22:48: LOG: Import: /media/storage/shared/Basilisk_7_SR.fbx
2025-11-25 15:22:50: LOG: Import: /media/storage/shared/Basilisk_7_SR.fbx
2025-11-25 15:22:52: LOG: Import: /media/storage/shared/Basilisk_7_SR.fbx
2025-11-25 15:58:02: LOG: Import: /media/storage/shared/Basilisk_7_SR.fbx
2025-11-25 15:58:23: LOG: Import: /media/storage/shared/Basilisk_7_SR.fbx
2025-11-25 15:58:24: LOG: Import: /media/storage/shared/Basilisk_7_SR.fbx
2025-11-25 15:58:26: LOG: Import: /media/storage/shared/Basilisk_7_SR.fbx
2025-11-25 15:58:28: LOG: Import: /media/storage/shared/Basilisk_7_SR.fbx
2025-11-25 15:58:29: LOG: Import: /media/storage/shared/Basilisk_7_SR.fbx
2025-11-25 15:58:31: LOG: Import: /media/storage/shared/Basilisk_7_SR.fbx
2025-11-25 15:58:33: LOG: Import: /media/storage/shared/Basilisk_7_SR.fbx
2025-11-25 15:58:35: LOG: Import: /media/storage/shared/Basilisk_7_SR.fbx
2025-11-25 15:58:37: LOG: Import: /media/storage/shared/Basilisk_7_SR.fbx
2025-11-25 15:58:39: LOG: Import: /media/storage/shared/Basilisk_7_SR.fbx
2025-11-25 15:59:21: LOG: Import: /media/storage/shared/Basilisk_7_SR.fbx
2025-11-25 15:59:50: LOG: Import: /media/storage/shared/Basilisk_7_SR.fbx
2025-11-25 15:59:51: LOG: Import: /media/storage/shared/Basilisk_7_SR.fbx
2025-11-25 15:59:51: LOG: Import: /media/storage/shared/Basilisk_7_SR.fbx
2025-11-25 15:59:52: LOG: Import: /media/storage/shared/Basilisk_7_SR.fbx
2025-11-25 15:59:52: LOG: Import: /media/storage/shared/Basilisk_7_SR.fbx
2025-11-25 15:59:53: LOG: Import: /media/storage/shared/Basilisk_7_SR.fbx
2025-11-25 15:59:53: LOG: Import: /media/storage/shared/Basilisk_7_SR.fbx
2025-11-25 15:59:54: LOG: Import: /media/storage/shared/Basilisk_7_SR.fbx
2025-11-25 15:59:54: LOG: Import: /media/storage/shared/Basilisk_7_SR.fbx
2025-11-25 15:59:55: LOG: Import: /media/storage/shared/Basilisk_7_SR.fbx
2025-11-25 16:00:14: LOG: Import: /media/storage/shared/Basilisk_7_SR.fbx
2025-11-25 16:00:15: LOG: Import: /media/storage/shared/Basilisk_7_SR.fbx
2025-11-25 16:00:15: LOG: Import: /media/storage/shared/Basilisk_7_SR.fbx
2025-11-25 16:00:16: LOG: Import: /media/storage/shared/Basilisk_7_SR.fbx
2025-11-25 16:00:16: LOG: Import: /media/storage/shared/Basilisk_7_SR.fbx
2025-11-25 16:00:17: LOG: Import: /media/storage/shared/Basilisk_7_SR.fbx
2025-11-25 16:00:18: LOG: Import: /media/storage/shared/Basilisk_7_SR.fbx
2025-11-25 16:00:18: LOG: Import: /media/storage/shared/Basilisk_7_SR.fbx
2025-11-25 16:00:19: LOG: Import: /media/storage/shared/Basilisk_7_SR.fbx
2025-11-25 16:00:19: LOG: Import: /media/storage/shared/Basilisk_7_SR.fbx
2025-11-25 16:00:56: LOG: Import: /media/storage/shared/Basilisk_7_SR.fbx
2025-11-25 16:01:24: LOG: Import: /media/storage/shared/Basilisk_7_SR.fbx
2025-11-25 16:01:26: LOG: Import: /media/storage/shared/Basilisk_7_SR.fbx
2025-11-25 16:01:28: LOG: Import: /media/storage/shared/Basilisk_7_SR.fbx
2025-11-25 16:01:29: LOG: Import: /media/storage/shared/Basilisk_7_SR.fbx
2025-11-25 16:01:31: LOG: Import: /media/storage/shared/Basilisk_7_SR.fbx
2025-11-25 16:01:33: LOG: Import: /media/storage/shared/Basilisk_7_SR.fbx
2025-11-25 16:01:35: LOG: Import: /media/storage/shared/Basilisk_7_SR.fbx
2025-11-25 16:01:37: LOG: Import: /media/storage/shared/Basilisk_7_SR.fbx
2025-11-25 16:01:39: LOG: Import: /media/storage/shared/Basilisk_7_SR.fbx
2025-11-25 16:01:41: LOG: Import: /media/storage/shared/Basilisk_7_SR.fbx
2025-12-09 13:26:56: LOG: Import: /media/storage/shared/SkinBrazilianUndercoverCopFemale.fbx
2025-12-09 13:34:03: LOG: Import: /media/storage/shared/SkinBrazilianUndercoverCopFemale.fbx
2025-12-09 14:02:49: LOG: Import: /media/storage/shared/SkinBrazilianUndercoverCopFemale.fbx
2025-12-09 14:37:14: LOG: Import: /media/storage/shared/SkinBrazilianUndercoverCopFemale.fbx
2025-12-09 14:41:57: LOG: Import: /media/storage/shared/SkinBrazilianUndercoverCopFemale.fbx
2025-12-10 12:36:56: LOG: Import: /media/storage/shared/SkinBrazilianUndercoverCopFemale.fbx
2025-12-10 12:41:56: LOG: Import: /media/storage/shared/SkinBrazilianUndercoverCopFemale_ORIG.fbx
2025-12-10 14:44:08: LOG: Import: /media/storage/shared/SkinBrazilianUndercoverCopFemale_ORIG.fbx
2025-12-10 14:49:57: LOG: Import: /media/storage/shared/SkinBrazilianUndercoverCopFemale_ORIG.fbx
2025-12-10 16:42:37: LOG: Import: /media/storage/shared/SkinBrazilianUndercoverCopFemale_ORIG.fbx
2025-12-10 17:01:27: LOG: Import: /media/storage/shared/SkinBrazilianUndercoverCopFemale.fbx
2025-12-10 17:02:34: LOG: Import: /media/storage/shared/SkinBrazilianUndercoverCopFemale.fbx
2025-12-10 17:03:44: LOG: Import: /media/storage/shared/SkinBrazilianUndercoverCopFemale.fbx
2025-12-11 10:52:49: LOG: Import: /media/storage/shared/SkinBrazilianUndercoverCopFemale.fbx
2025-12-11 11:10:01: LOG: Import: /media/storage/shared/SkinBrazilianUndercoverCopFemale_ORIG.fbx
2025-12-11 11:19:08: LOG: Import: /media/storage/shared/SkinBrazilianUndercoverCopFemale.fbx
2025-12-11 11:19:37: LOG: Import: /media/storage/shared/SkinBrazilianUndercoverCopFemale_ORIG.fbx
2025-12-11 13:41:44: LOG: Import: /media/storage/shared/SkinBrazilianUndercoverCopFemale_ORIG.fbx
2025-12-11 16:09:34: LOG: Import: /media/storage/development/maya/ll-work/skins/lod2.fbx
2025-12-12 12:57:02: LOG: Import: /media/storage/shared/SkinAmericanSniper.fbx
2025-12-12 13:02:02: LOG: Import: /media/storage/shared/SkinAmericanSniper.fbx
2025-12-12 17:13:06: LOG: Import: /media/storage/shared/SkinRussianOMON_ORIG.fbx
2026-01-12 13:14:49: LOG: Import: /media/storage/shared/Balisong_Melee_World.fbx
2026-01-14 14:31:09: LOG: Import: /media/storage/shared/TwinFire_Special.fbx
2026-01-19 13:28:46: LOG: Import: /media/storage/shared/Balisong_Melee.fbx
2026-01-21 14:03:14: LOG: Import: /media/storage/shared/TwinFire_Special.fbx
2026-01-21 16:02:18: LOG: Import: /media/storage/shared/Armor_Rebel.fbx
2026-01-21 17:41:59: LOG: Import: /media/storage/shared/Boots_Rebel.fbx
2026-01-21 17:46:42: LOG: Import: /media/storage/shared/Gloves_Rebel.fbx
2026-01-21 17:48:24: LOG: Import: /media/storage/shared/Helmet_Rebel.fbx
2026-01-26 15:49:47: LOG: Import: /media/storage/shared/Bip001.fbx
2026-01-26 15:49:48: LOG: [WARNING] Malformed Mesh - The plug-in has detected mesh nodes containing polygons with overlapping vertices.
	The following objects have been automatically cleaned up:    ShadowBone
  ShadowBone_1
  ShadowBone_2
  ShadowBone_3
  ShadowBone_4
  ShadowBone_5
  ShadowBone_6
  ShadowBone_7
  ShadowBone_8
  ShadowBone_9
  ShadowBone_10
  ShadowBone_11
  ShadowBone_12
  ShadowBone_13
  ShadowBone_14
  ShadowBone_15
  ShadowBone_16
  ShadowBone_17
  ShadowBone_18
  ShadowBone_19
  ShadowBone_20
  ShadowBone_21

2026-01-26 17:02:01: LOG: Import: /media/storage/shared/Root.fbx
2026-01-26 17:02:01: LOG: [WARNING] Malformed Mesh - The plug-in has detected mesh nodes containing polygons with overlapping vertices.
	The following objects have been automatically cleaned up:    ShadowBone
  ShadowBone_1
  ShadowBone_2
  ShadowBone_3
  ShadowBone_4
  ShadowBone_5
  ShadowBone_6
  ShadowBone_7
  ShadowBone_8
  ShadowBone_9
  ShadowBone_10
  ShadowBone_11
  ShadowBone_12
  ShadowBone_13
  ShadowBone_14
  ShadowBone_15
  ShadowBone_16
  ShadowBone_17
  ShadowBone_18
  ShadowBone_19
  ShadowBone_20

2026-01-27 10:53:53: LOG: Import: /media/storage/shared/SkinRockStrong.fbx
2026-01-27 11:13:44: LOG: Import: /media/storage/shared/SkinStriker.fbx
2026-01-27 11:18:06: LOG: Import: /media/storage/shared/SkinAliceWavesong.fbx
2026-01-28 14:18:13: LOG: Import: /media/storage/shared/MSOAnniversary.fbx
2026-01-30 11:35:38: LOG: Import: /media/storage/shared/SkinStriker.fbx
2026-02-11 16:08:00: LOG: Import: /media/storage/shared/Balisong_Melee.fbx
2026-02-16 13:14:01: LOG: Import: /home/user/Desktop/SkinHuntress.fbx
2026-02-16 13:15:13: LOG: Import: /home/user/Desktop/SkinHuntress2 .fbx
2026-02-16 13:18:06: LOG: Import: /home/user/Desktop/SkinHuntress.fbx
2026-02-16 13:18:14: LOG: Import: /home/user/Desktop/tipPoint.fbx
2026-02-16 13:18:56: LOG: Import: /home/user/Desktop/SkinHuntress.fbx
2026-02-16 13:19:09: LOG: Import: /home/user/Desktop/tipPoint.fbx
2026-02-16 13:19:33: LOG: Import: /home/user/Desktop/SkinHuntress2 .fbx
2026-02-16 13:20:01: LOG: Import: /home/user/Desktop/SkinHuntress2 .fbx
2026-02-16 13:21:41: LOG: Import: /home/user/Desktop/SkinHuntress.fbx
2026-02-16 13:22:25: LOG: Import: /home/user/Desktop/SkinHuntress.fbx
2026-02-16 13:26:07: LOG: Import: /home/user/Desktop/SkinHuntress.fbx
2026-02-16 13:27:54: LOG: Import: /home/user/Desktop/SkinHuntress.fbx
2026-02-16 13:36:24: LOG: Import: /home/user/Desktop/SkinHuntress.fbx
2026-02-16 13:38:27: LOG: Import: /home/user/Desktop/SkinHuntress.fbx
2026-02-16 13:40:02: LOG: Import: /home/user/Desktop/SkinHuntress.fbx
2026-02-16 13:41:20: LOG: Import: /home/user/Desktop/SkinHuntress.fbx
2026-02-16 13:41:58: LOG: Import: /home/user/Desktop/SkinHuntress.fbx
2026-02-16 13:44:48: LOG: Import: /home/user/Desktop/SkinHuntress.fbx
2026-02-16 13:45:39: LOG: Import: /home/user/Desktop/tipPoint.fbx
2026-02-16 13:45:45: LOG: Import: /home/user/Desktop/SkinHuntress2 .fbx
2026-02-16 13:47:08: LOG: Import: /home/user/Desktop/SkinHuntress2 .fbx
2026-02-16 13:48:07: LOG: Import: /home/user/Desktop/SkinHuntress2 .fbx
2026-02-16 13:48:07: LOG: [WARNING] Local Transform Changed - The FBX plug-in has detected Non-uniform scaling values. The following nodes 
	(or their parents,) have non-standard Maya scaling inheritance (RSrs). The plug-in will re-compute 
	their local transforms to match their correct global transforms and re-plot the transform 
	animation frame by frame. These nodes might have interactive behavior in Maya that differs 
	from the source application. Bip001Pelvis Bip001Spine Bip001Spine1 Bip001Neck Bip001Head Bip001LClavicle Bip001LUpperArm Bip001LForearm Bip001LHand Bip001LFinger0 Bip001LFinger01 Bip001LFinger02 Bip001LFinger1 Bip001LFinger11 Bip001LFinger12 Bip001LFinger2 Bip001LFinger21 Bip001LFinger22 Bip001LFinger3 Bip001LFinger31 Bip001LFinger32 Bip001LFinger4 Bip001LFinger41 Bip001LFinger42 Bone_weappon_L Bip001RClavicle Bip001RUpperArm Bip001RForearm Bip001RHand Bip001RFinger0 Bip001RFinger01 Bip001RFinger02 Bip001RFinger1 Bip001RFinger11 Bip001RFinger12 Bip001RFinger2 Bip001RFinger21 Bip001RFinger22 Bip001RFinger3 Bip001RFi
2026-02-16 13:48:54: LOG: Import: /home/user/Desktop/SkinHuntress2 .fbx
2026-02-16 13:49:26: LOG: Import: /home/user/Desktop/SkinHuntress2 .fbx
2026-02-16 13:50:06: LOG: Import: /home/user/Desktop/SkinHuntress2 .fbx
2026-02-16 13:51:26: LOG: Import: /home/user/Desktop/SkinHuntress.fbx
2026-02-16 13:52:09: LOG: Import: /home/user/Desktop/SkinHuntress.fbx
2026-02-16 13:52:54: LOG: Import: /home/user/Desktop/SkinHuntress.fbx
2026-02-24 15:22:54: LOG: Import: /media/storage/shared/Underdog_Special_Barrel1_Base.fbx
2026-02-24 15:23:01: LOG: Import: /media/storage/shared/Underdog_Special_Barrel1_World.fbx
2026-02-24 15:23:16: LOG: Import: /media/storage/shared/Underdog_Special_Barrel2_Base.fbx
2026-02-24 15:23:22: LOG: Import: /media/storage/shared/Underdog_Special_Barrel2_World.fbx
2026-02-24 15:23:26: LOG: Import: /media/storage/shared/Underdog_Special_Grip_Base.fbx
2026-02-24 15:23:45: LOG: Import: /media/storage/shared/Underdog_Special_Grip_World.fbx
2026-02-24 15:23:49: LOG: Import: /media/storage/shared/Underdog_Special_Laser1_Base.fbx
2026-02-24 15:23:54: LOG: Import: /media/storage/shared/Underdog_Special_Laser1_World.fbx
2026-02-24 15:23:58: LOG: Import: /media/storage/shared/Underdog_Special_Laser2_Base.fbx
2026-02-24 15:24:02: LOG: Import: /media/storage/shared/Underdog_Special_Laser2_World.fbx
2026-02-24 17:11:18: LOG: Import: /media/storage/shared/Underdog_Special.fbx
2026-02-24 17:17:15: LOG: Import: /media/storage/shared/Underdog_Special_World.fbx
2026-02-24 17:41:07: LOG: Import: /media/storage/shared/Underdog_Special.fbx
2026-02-24 17:53:05: LOG: Import: /media/storage/shared/Underdog_Special.fbx
2026-02-26 18:09:57: LOG: Import: /media/storage/shared/Underdog_Special_World.fbx
2026-02-26 18:19:34: LOG: Import: /media/storage/shared/Underdog_Special.fbx
2026-02-26 18:42:53: LOG: Import: /media/storage/shared/Underdog_Special_Barrel1_World.fbx
2026-02-27 11:03:08: LOG: Import: /media/storage/shared/SkinFounder.fbx
2026-02-27 11:30:38: LOG: Import: /media/storage/shared/SkinFounder.fbx
2026-02-27 11:32:15: LOG: Import: /media/storage/shared/SkinFounder.fbx
2026-02-27 12:59:37: LOG: Import: /media/storage/shared/SkinFounder.fbx
2026-02-27 13:18:45: LOG: Import: /media/storage/shared/SkinFounderOriginal.fbx
2026-02-27 14:14:07: LOG: Import: /media/storage/shared/SkinFounderOriginal.fbx
2026-02-27 14:35:10: LOG: Import: /media/storage/shared/SkinFounderOriginal.fbx
2026-03-02 11:44:13: LOG: Import: /media/storage/shared/test.fbx
2026-03-02 11:46:30: LOG: Import: /media/storage/shared/test.fbx
2026-03-02 12:26:58: LOG: Import: /media/storage/shared/test.fbx
2026-03-03 10:56:10: LOG: Import: /media/storage/shared/Bloodhound_SMG_Base.fbx
2026-03-03 12:34:10: LOG: Import: /media/storage/shared/Bloodhound_SMG.fbx
2026-03-03 12:34:27: LOG: Import: /media/storage/shared/Bloodhound_SMG.fbx
2026-03-03 12:35:08: LOG: Import: /media/storage/shared/Bloodhound_SMG_Base.fbx
2026-03-03 12:35:33: LOG: Import: /media/storage/shared/Bloodhound_SMG_Base.fbx
2026-03-03 12:35:52: LOG: Import: /media/storage/shared/Bloodhound_SMG_Base.fbx
2026-03-03 12:46:29: LOG: Import: /media/storage/shared/Bloodhound_SMG.fbx
2026-03-03 12:46:33: LOG: Import: /media/storage/shared/Bloodhound_SMG_Base_Updated.fbx
2026-04-07 11:57:21: LOG: Import: /media/storage/shared/ToxicCricket.fbx
2026-04-07 11:57:22: LOG: [WARNING] BindPose - Incomplete BindPose [nodes parents] - The following parent and/or ancestor node(s) is/are not part of the BindPose definition. Toxic_Cricket_Barrel_01 Toxic_Cricket_Glass_01
2026-04-07 11:59:01: LOG: Import: /media/storage/shared/ToxicCricket.fbx
2026-04-07 11:59:02: LOG: [WARNING] BindPose - Incomplete BindPose [nodes parents] - The following parent and/or ancestor node(s) is/are not part of the BindPose definition. Toxic_Cricket_Barrel_01 Toxic_Cricket_Glass_01
2026-04-27 18:20:15: LOG: Import: /media/storage/shared/CharacterSkin_Pitbull.fbx
